mode: set
github.com/chanzuckerberg/go-misc/aws/iam_mock.go:18.31,20.2 1 1
github.com/chanzuckerberg/go-misc/aws/iam_mock.go:23.80,27.2 3 1
github.com/chanzuckerberg/go-misc/aws/iam_mock.go:30.124,34.16 4 1
github.com/chanzuckerberg/go-misc/aws/iam_mock.go:37.2,38.12 2 1
github.com/chanzuckerberg/go-misc/aws/iam_mock.go:34.16,36.3 1 0
github.com/chanzuckerberg/go-misc/aws/s3.go:17.61,19.2 1 0
github.com/chanzuckerberg/go-misc/aws/s3.go:22.59,26.2 3 0
github.com/chanzuckerberg/go-misc/aws/s3.go:29.67,35.16 3 0
github.com/chanzuckerberg/go-misc/aws/s3.go:38.2,38.16 1 0
github.com/chanzuckerberg/go-misc/aws/s3.go:43.2,43.35 1 0
github.com/chanzuckerberg/go-misc/aws/s3.go:46.2,46.37 1 0
github.com/chanzuckerberg/go-misc/aws/s3.go:35.16,37.3 1 0
github.com/chanzuckerberg/go-misc/aws/s3.go:38.16,40.3 1 0
github.com/chanzuckerberg/go-misc/aws/s3.go:43.35,45.3 1 0
github.com/chanzuckerberg/go-misc/aws/s3.go:50.86,56.2 3 0
github.com/chanzuckerberg/go-misc/aws/s3.go:59.78,65.2 4 0
github.com/chanzuckerberg/go-misc/aws/sts.go:27.63,29.2 1 0
github.com/chanzuckerberg/go-misc/aws/sts.go:32.86,34.16 2 1
github.com/chanzuckerberg/go-misc/aws/sts.go:37.2,37.19 1 1
github.com/chanzuckerberg/go-misc/aws/sts.go:40.2,40.32 1 1
github.com/chanzuckerberg/go-misc/aws/sts.go:34.16,36.3 1 0
github.com/chanzuckerberg/go-misc/aws/sts.go:37.19,39.3 1 0
github.com/chanzuckerberg/go-misc/aws/sts.go:74.59,83.2 2 1
github.com/chanzuckerberg/go-misc/aws/sts.go:86.67,90.16 4 1
github.com/chanzuckerberg/go-misc/aws/sts.go:97.2,99.16 3 1
github.com/chanzuckerberg/go-misc/aws/sts.go:104.2,104.70 1 1
github.com/chanzuckerberg/go-misc/aws/sts.go:108.2,114.19 2 1
github.com/chanzuckerberg/go-misc/aws/sts.go:90.16,92.25 1 1
github.com/chanzuckerberg/go-misc/aws/sts.go:95.3,95.82 1 0
github.com/chanzuckerberg/go-misc/aws/sts.go:92.25,94.4 1 1
github.com/chanzuckerberg/go-misc/aws/sts.go:99.16,102.3 2 1
github.com/chanzuckerberg/go-misc/aws/sts.go:104.70,106.3 1 1
github.com/chanzuckerberg/go-misc/aws/sts.go:118.67,123.16 5 1
github.com/chanzuckerberg/go-misc/aws/sts.go:127.2,134.16 3 1
github.com/chanzuckerberg/go-misc/aws/sts.go:137.2,138.59 2 1
github.com/chanzuckerberg/go-misc/aws/sts.go:123.16,125.3 1 0
github.com/chanzuckerberg/go-misc/aws/sts.go:134.16,136.3 1 0
github.com/chanzuckerberg/go-misc/aws/sts.go:142.67,145.16 3 1
github.com/chanzuckerberg/go-misc/aws/sts.go:149.2,149.21 1 1
github.com/chanzuckerberg/go-misc/aws/sts.go:170.2,174.32 1 1
github.com/chanzuckerberg/go-misc/aws/sts.go:177.2,181.35 5 1
github.com/chanzuckerberg/go-misc/aws/sts.go:145.16,147.3 1 0
github.com/chanzuckerberg/go-misc/aws/sts.go:149.21,151.17 2 1
github.com/chanzuckerberg/go-misc/aws/sts.go:154.3,155.17 2 1
github.com/chanzuckerberg/go-misc/aws/sts.go:158.3,159.17 2 1
github.com/chanzuckerberg/go-misc/aws/sts.go:162.3,165.17 4 1
github.com/chanzuckerberg/go-misc/aws/sts.go:151.17,153.4 1 0
github.com/chanzuckerberg/go-misc/aws/sts.go:155.17,157.4 1 0
github.com/chanzuckerberg/go-misc/aws/sts.go:159.17,161.4 1 0
github.com/chanzuckerberg/go-misc/aws/sts.go:165.17,167.4 1 0
github.com/chanzuckerberg/go-misc/aws/sts.go:174.32,176.3 1 0
github.com/chanzuckerberg/go-misc/aws/sts_mock.go:18.31,20.2 1 1
github.com/chanzuckerberg/go-misc/aws/sts_mock.go:23.104,27.2 3 1
github.com/chanzuckerberg/go-misc/aws/client.go:22.41,24.2 1 1
github.com/chanzuckerberg/go-misc/aws/client.go:27.60,35.2 1 0
github.com/chanzuckerberg/go-misc/aws/client.go:40.51,43.2 2 0
github.com/chanzuckerberg/go-misc/aws/client.go:50.52,53.2 2 0
github.com/chanzuckerberg/go-misc/aws/client.go:56.55,60.2 3 1
github.com/chanzuckerberg/go-misc/aws/client.go:65.52,68.2 2 0
github.com/chanzuckerberg/go-misc/aws/client.go:71.55,75.2 3 1
github.com/chanzuckerberg/go-misc/aws/client.go:80.55,83.2 2 0
github.com/chanzuckerberg/go-misc/aws/client.go:86.61,90.2 3 0
github.com/chanzuckerberg/go-misc/aws/client.go:95.52,98.2 2 0
github.com/chanzuckerberg/go-misc/aws/client.go:101.55,105.2 3 0
github.com/chanzuckerberg/go-misc/aws/client.go:110.52,113.2 2 0
github.com/chanzuckerberg/go-misc/aws/ec2.go:17.63,19.2 1 0
github.com/chanzuckerberg/go-misc/aws/ec2.go:22.60,25.106 3 0
github.com/chanzuckerberg/go-misc/aws/ec2.go:37.2,37.65 1 0
github.com/chanzuckerberg/go-misc/aws/ec2.go:25.106,26.51 1 0
github.com/chanzuckerberg/go-misc/aws/ec2.go:34.3,34.14 1 0
github.com/chanzuckerberg/go-misc/aws/ec2.go:26.51,27.26 1 0
github.com/chanzuckerberg/go-misc/aws/ec2.go:30.4,30.51 1 0
github.com/chanzuckerberg/go-misc/aws/ec2.go:27.26,28.13 1 0
github.com/chanzuckerberg/go-misc/aws/ec2.go:30.51,32.5 1 0
github.com/chanzuckerberg/go-misc/aws/iam.go:18.63,20.2 1 0
github.com/chanzuckerberg/go-misc/aws/iam.go:23.51,25.2 1 1
github.com/chanzuckerberg/go-misc/aws/iam.go:28.60,30.16 2 1
github.com/chanzuckerberg/go-misc/aws/iam.go:33.2,33.19 1 1
github.com/chanzuckerberg/go-misc/aws/iam.go:36.2,36.25 1 1
github.com/chanzuckerberg/go-misc/aws/iam.go:30.16,32.3 1 0
github.com/chanzuckerberg/go-misc/aws/iam.go:33.19,35.3 1 0
github.com/chanzuckerberg/go-misc/aws/iam.go:40.65,45.101 3 1
github.com/chanzuckerberg/go-misc/aws/iam.go:61.2,61.42 1 1
github.com/chanzuckerberg/go-misc/aws/iam.go:67.2,67.27 1 1
github.com/chanzuckerberg/go-misc/aws/iam.go:45.101,46.20 1 1
github.com/chanzuckerberg/go-misc/aws/iam.go:50.3,50.33 1 1
github.com/chanzuckerberg/go-misc/aws/iam.go:57.3,57.14 1 1
github.com/chanzuckerberg/go-misc/aws/iam.go:46.20,48.4 1 0
github.com/chanzuckerberg/go-misc/aws/iam.go:50.33,51.48 1 1
github.com/chanzuckerberg/go-misc/aws/iam.go:51.48,52.58 1 1
github.com/chanzuckerberg/go-misc/aws/iam.go:52.58,54.6 1 1
github.com/chanzuckerberg/go-misc/aws/iam.go:61.42,62.38 1 0
github.com/chanzuckerberg/go-misc/aws/iam.go:65.3,65.61 1 0
github.com/chanzuckerberg/go-misc/aws/iam.go:62.38,64.4 1 0
github.com/chanzuckerberg/go-misc/aws/iam.go:71.64,73.16 2 1
github.com/chanzuckerberg/go-misc/aws/iam.go:76.2,76.22 1 1
github.com/chanzuckerberg/go-misc/aws/iam.go:79.2,79.24 1 1
github.com/chanzuckerberg/go-misc/aws/iam.go:73.16,75.3 1 0
github.com/chanzuckerberg/go-misc/aws/iam.go:76.22,78.3 1 0
github.com/chanzuckerberg/go-misc/aws/iam.go:83.53,85.84 2 0
github.com/chanzuckerberg/go-misc/aws/iam.go:91.2,91.12 1 0
github.com/chanzuckerberg/go-misc/aws/iam.go:85.84,86.34 1 0
github.com/chanzuckerberg/go-misc/aws/iam.go:89.3,89.14 1 0
github.com/chanzuckerberg/go-misc/aws/iam.go:86.34,88.4 1 0
github.com/chanzuckerberg/go-misc/aws/iam.go:95.75,98.16 3 0
github.com/chanzuckerberg/go-misc/aws/iam.go:102.2,102.33 1 0
github.com/chanzuckerberg/go-misc/aws/iam.go:98.16,100.3 1 0
github.com/chanzuckerberg/go-misc/aws/lambda_mock.go:16.37,18.2 1 0
github.com/chanzuckerberg/go-misc/aws/lambda_mock.go:21.86,25.2 3 0
github.com/chanzuckerberg/go-misc/aws/session_mock.go:14.60,16.93 1 1
github.com/chanzuckerberg/go-misc/aws/session_mock.go:20.2,24.13 1 1
github.com/chanzuckerberg/go-misc/aws/session_mock.go:16.93,18.3 1 0
github.com/chanzuckerberg/go-misc/aws/kms.go:19.56,21.2 1 0
github.com/chanzuckerberg/go-misc/aws/kms.go:25.104,29.16 4 0
github.com/chanzuckerberg/go-misc/aws/kms.go:32.2,32.21 1 0
github.com/chanzuckerberg/go-misc/aws/kms.go:35.2,35.72 1 0
github.com/chanzuckerberg/go-misc/aws/kms.go:29.16,31.3 1 0
github.com/chanzuckerberg/go-misc/aws/kms.go:32.21,34.3 1 0
github.com/chanzuckerberg/go-misc/aws/kms.go:39.94,43.16 4 0
github.com/chanzuckerberg/go-misc/aws/kms.go:46.2,46.21 1 0
github.com/chanzuckerberg/go-misc/aws/kms.go:49.2,49.27 1 0
github.com/chanzuckerberg/go-misc/aws/kms.go:52.2,52.49 1 0
github.com/chanzuckerberg/go-misc/aws/kms.go:43.16,45.3 1 0
github.com/chanzuckerberg/go-misc/aws/kms.go:46.21,48.3 1 0
github.com/chanzuckerberg/go-misc/aws/kms.go:49.27,51.3 1 0
github.com/chanzuckerberg/go-misc/aws/kms_mock.go:16.31,18.2 1 0
github.com/chanzuckerberg/go-misc/aws/kms_mock.go:21.80,25.2 3 0
github.com/chanzuckerberg/go-misc/aws/kms_mock.go:28.80,32.2 3 0
github.com/chanzuckerberg/go-misc/aws/lambda.go:17.69,19.2 1 0
github.com/chanzuckerberg/go-misc/aws/lambda.go:22.79,31.16 4 0
github.com/chanzuckerberg/go-misc/aws/lambda.go:34.2,34.28 1 0
github.com/chanzuckerberg/go-misc/aws/lambda.go:31.16,33.3 1 0
